2016-08-19 11:33:23 Error: [Cake\Database\Exception] SQLSTATE[42S02]: Base table or view not found: 1146 Table 'koosenclub.koosenclub' doesn't exist
Stack Trace:
#0 C:\xampp\htdocs\koosenclub\vendor\cakephp\cakephp\src\Database\Schema\Collection.php(97): Cake\Database\Schema\Collection->_reflect('Column', 'koosenclub', Array, Object(Cake\Database\Schema\Table))
#1 C:\xampp\htdocs\koosenclub\vendor\cakephp\cakephp\src\Database\Schema\CachedCollection.php(63): Cake\Database\Schema\Collection->describe('koosenclub', Array)
#2 C:\xampp\htdocs\koosenclub\vendor\cakephp\cakephp\src\ORM\Table.php(440): Cake\Database\Schema\CachedCollection->describe('koosenclub')
#3 C:\xampp\htdocs\koosenclub\vendor\cakephp\cakephp\src\ORM\Table.php(518): Cake\ORM\Table->schema()
#4 C:\xampp\htdocs\koosenclub\vendor\cakephp\bake\src\Shell\Task\ModelTask.php(210): Cake\ORM\Table->primaryKey()
#5 C:\xampp\htdocs\koosenclub\vendor\cakephp\bake\src\Shell\Task\ModelTask.php(127): Bake\Shell\Task\ModelTask->getAssociations(Object(Cake\ORM\Table))
#6 C:\xampp\htdocs\koosenclub\vendor\cakephp\bake\src\Shell\Task\ModelTask.php(110): Bake\Shell\Task\ModelTask->getTableContext(Object(Cake\ORM\Table), 'koosenclub', 'Koosenclub')
#7 C:\xampp\htdocs\koosenclub\vendor\cakephp\bake\src\Shell\Task\ModelTask.php(97): Bake\Shell\Task\ModelTask->bake('Koosenclub')
#8 [internal function]: Bake\Shell\Task\ModelTask->main('koosenclub')
#9 C:\xampp\htdocs\koosenclub\vendor\cakephp\cakephp\src\Console\Shell.php(466): call_user_func_array(Array, Array)
#10 C:\xampp\htdocs\koosenclub\vendor\cakephp\cakephp\src\Console\Shell.php(459): Cake\Console\Shell->runCommand(Array, false, Array)
#11 C:\xampp\htdocs\koosenclub\vendor\cakephp\cakephp\src\Console\ShellDispatcher.php(227): Cake\Console\Shell->runCommand(Array, true, Array)
#12 C:\xampp\htdocs\koosenclub\vendor\cakephp\cakephp\src\Console\ShellDispatcher.php(182): Cake\Console\ShellDispatcher->_dispatch(Array)
#13 C:\xampp\htdocs\koosenclub\vendor\cakephp\cakephp\src\Console\ShellDispatcher.php(128): Cake\Console\ShellDispatcher->dispatch(Array)
#14 C:\xampp\htdocs\koosenclub\bin\cake.php(34): Cake\Console\ShellDispatcher::run(Array)
#15 {main}


2016-08-20 14:59:04 Error: [Cake\Database\Exception] SQLSTATE[42S02]: Base table or view not found: 1146 Table 'koosenclub.koosenclub' doesn't exist
Stack Trace:
#0 C:\xampp\htdocs\koosenclub\vendor\cakephp\cakephp\src\Database\Schema\Collection.php(97): Cake\Database\Schema\Collection->_reflect('Column', 'koosenclub', Array, Object(Cake\Database\Schema\Table))
#1 C:\xampp\htdocs\koosenclub\vendor\cakephp\cakephp\src\Database\Schema\CachedCollection.php(63): Cake\Database\Schema\Collection->describe('koosenclub', Array)
#2 C:\xampp\htdocs\koosenclub\vendor\cakephp\cakephp\src\ORM\Table.php(440): Cake\Database\Schema\CachedCollection->describe('koosenclub')
#3 C:\xampp\htdocs\koosenclub\vendor\cakephp\cakephp\src\ORM\Table.php(518): Cake\ORM\Table->schema()
#4 C:\xampp\htdocs\koosenclub\vendor\cakephp\bake\src\Shell\Task\ModelTask.php(210): Cake\ORM\Table->primaryKey()
#5 C:\xampp\htdocs\koosenclub\vendor\cakephp\bake\src\Shell\Task\ModelTask.php(127): Bake\Shell\Task\ModelTask->getAssociations(Object(Cake\ORM\Table))
#6 C:\xampp\htdocs\koosenclub\vendor\cakephp\bake\src\Shell\Task\ModelTask.php(110): Bake\Shell\Task\ModelTask->getTableContext(Object(Cake\ORM\Table), 'koosenclub', 'Koosenclub')
#7 C:\xampp\htdocs\koosenclub\vendor\cakephp\bake\src\Shell\Task\ModelTask.php(97): Bake\Shell\Task\ModelTask->bake('Koosenclub')
#8 [internal function]: Bake\Shell\Task\ModelTask->main('koosenclub')
#9 C:\xampp\htdocs\koosenclub\vendor\cakephp\cakephp\src\Console\Shell.php(466): call_user_func_array(Array, Array)
#10 C:\xampp\htdocs\koosenclub\vendor\cakephp\cakephp\src\Console\Shell.php(459): Cake\Console\Shell->runCommand(Array, false, Array)
#11 C:\xampp\htdocs\koosenclub\vendor\cakephp\cakephp\src\Console\ShellDispatcher.php(227): Cake\Console\Shell->runCommand(Array, true, Array)
#12 C:\xampp\htdocs\koosenclub\vendor\cakephp\cakephp\src\Console\ShellDispatcher.php(182): Cake\Console\ShellDispatcher->_dispatch(Array)
#13 C:\xampp\htdocs\koosenclub\vendor\cakephp\cakephp\src\Console\ShellDispatcher.php(128): Cake\Console\ShellDispatcher->dispatch(Array)
#14 C:\xampp\htdocs\koosenclub\bin\cake.php(34): Cake\Console\ShellDispatcher::run(Array)
#15 {main}


2016-08-21 17:25:06 Error: [Cake\Database\Exception] SQLSTATE[42S02]: Base table or view not found: 1146 Table 'koosenclub.index' doesn't exist
Stack Trace:
#0 C:\xampp\htdocs\koosenclub\vendor\cakephp\cakephp\src\Database\Schema\Collection.php(97): Cake\Database\Schema\Collection->_reflect('Column', 'index', Array, Object(Cake\Database\Schema\Table))
#1 C:\xampp\htdocs\koosenclub\vendor\cakephp\cakephp\src\Database\Schema\CachedCollection.php(63): Cake\Database\Schema\Collection->describe('index', Array)
#2 C:\xampp\htdocs\koosenclub\vendor\cakephp\cakephp\src\ORM\Table.php(440): Cake\Database\Schema\CachedCollection->describe('index')
#3 C:\xampp\htdocs\koosenclub\vendor\cakephp\cakephp\src\ORM\Table.php(518): Cake\ORM\Table->schema()
#4 C:\xampp\htdocs\koosenclub\vendor\cakephp\bake\src\Shell\Task\TemplateTask.php(291): Cake\ORM\Table->primaryKey()
#5 C:\xampp\htdocs\koosenclub\vendor\cakephp\bake\src\Shell\Task\TemplateTask.php(409): Bake\Shell\Task\TemplateTask->_loadController()
#6 C:\xampp\htdocs\koosenclub\vendor\cakephp\bake\src\Shell\Task\TemplateTask.php(384): Bake\Shell\Task\TemplateTask->getContent('users')
#7 C:\xampp\htdocs\koosenclub\vendor\cakephp\bake\src\Shell\Task\TemplateTask.php(145): Bake\Shell\Task\TemplateTask->bake('users', true)
#8 [internal function]: Bake\Shell\Task\TemplateTask->main('index', 'users')
#9 C:\xampp\htdocs\koosenclub\vendor\cakephp\cakephp\src\Console\Shell.php(466): call_user_func_array(Array, Array)
#10 C:\xampp\htdocs\koosenclub\vendor\cakephp\cakephp\src\Console\Shell.php(459): Cake\Console\Shell->runCommand(Array, false, Array)
#11 C:\xampp\htdocs\koosenclub\vendor\cakephp\cakephp\src\Console\ShellDispatcher.php(227): Cake\Console\Shell->runCommand(Array, true, Array)
#12 C:\xampp\htdocs\koosenclub\vendor\cakephp\cakephp\src\Console\ShellDispatcher.php(182): Cake\Console\ShellDispatcher->_dispatch(Array)
#13 C:\xampp\htdocs\koosenclub\vendor\cakephp\cakephp\src\Console\ShellDispatcher.php(128): Cake\Console\ShellDispatcher->dispatch(Array)
#14 C:\xampp\htdocs\koosenclub\bin\cake.php(34): Cake\Console\ShellDispatcher::run(Array)
#15 {main}


2016-08-30 16:43:43 Warning: Warning (512): DbAcl::allow() - Invalid node in [C:\xampp\htdocs\koosenclub\vendor\cakephp\acl\src\Model\Table\PermissionsTable.php, line 173]
Trace:
Cake\Error\BaseErrorHandler::handleError() - CORE\src\Error\BaseErrorHandler.php, line 146
Acl\Model\Table\PermissionsTable::allow() - ROOT\vendor\cakephp\acl\src\Model\Table\PermissionsTable.php, line 173
Acl\Adapter\DbAcl::allow() - ROOT\vendor\cakephp\acl\src\Adapter\DbAcl.php, line 95
Acl\Controller\Component\AclComponent::allow() - ROOT\vendor\cakephp\acl\src\Controller\Component\AclComponent.php, line 134
Acl\Shell\AclShell::grant() - ROOT\vendor\cakephp\acl\src\Shell\AclShell.php, line 276
Cake\Console\Shell::runCommand() - CORE\src\Console\Shell.php, line 452
Cake\Console\ShellDispatcher::_dispatch() - CORE\src\Console\ShellDispatcher.php, line 227
Cake\Console\ShellDispatcher::dispatch() - CORE\src\Console\ShellDispatcher.php, line 182
Cake\Console\ShellDispatcher::run() - CORE\src\Console\ShellDispatcher.php, line 128
[main] - ROOT\bin\cake.php, line 34



