2016-08-19 11:15:04 Notice: Notice (8): Undefined variable: result in [C:\xampp\htdocs\koosenclub\src\Template\Mylayout\send_form.ctp, line 1]
Request URL: /koosenclub/mylayout/sendForm
Referer URL: http://localhost:8082/koosenclub/
Trace:
Cake\Error\BaseErrorHandler::handleError() - CORE\src\Error\BaseErrorHandler.php, line 146
include - APP/Template\Mylayout\send_form.ctp, line 1
Cake\View\View::_evaluate() - CORE\src\View\View.php, line 1005
Cake\View\View::_render() - CORE\src\View\View.php, line 964
Cake\View\View::render() - CORE\src\View\View.php, line 588
Cake\Controller\Controller::render() - CORE\src\Controller\Controller.php, line 617
Cake\Http\ActionDispatcher::_invoke() - CORE\src\Http\ActionDispatcher.php, line 131
Cake\Http\ActionDispatcher::dispatch() - CORE\src\Http\ActionDispatcher.php, line 99
Cake\Http\BaseApplication::__invoke() - CORE\src\Http\BaseApplication.php, line 82
Cake\Http\Runner::__invoke() - CORE\src\Http\Runner.php, line 65
Cake\Routing\Middleware\RoutingMiddleware::__invoke() - CORE\src\Routing\Middleware\RoutingMiddleware.php, line 52
Cake\Http\Runner::__invoke() - CORE\src\Http\Runner.php, line 65
Cake\Routing\Middleware\AssetMiddleware::__invoke() - CORE\src\Routing\Middleware\AssetMiddleware.php, line 88
Cake\Http\Runner::__invoke() - CORE\src\Http\Runner.php, line 65
Cake\Error\Middleware\ErrorHandlerMiddleware::__invoke() - CORE\src\Error\Middleware\ErrorHandlerMiddleware.php, line 51
Cake\Http\Runner::__invoke() - CORE\src\Http\Runner.php, line 65
Cake\Http\Runner::run() - CORE\src\Http\Runner.php, line 51
Cake\Http\Server::run() - CORE\src\Http\Server.php, line 82
[main] - ROOT\webroot\index.php, line 37



2016-08-22 02:07:18 Notice: Notice (8): Array to string conversion in [C:\xampp\htdocs\koosenclub\vendor\cakephp\cakephp\src\View\StringTemplate.php, line 310]
Request URL: /koosenclub/mylayout/question
Referer URL: http://localhost:8082/koosenclub/
Trace:
Cake\Error\BaseErrorHandler::handleError() - CORE\src\Error\BaseErrorHandler.php, line 146
implode - [internal], line ??
Cake\View\StringTemplate::_formatAttribute() - CORE\src\View\StringTemplate.php, line 310
Cake\View\StringTemplate::formatAttributes() - CORE\src\View\StringTemplate.php, line 290
Cake\View\Widget\BasicWidget::render() - CORE\src\View\Widget\BasicWidget.php, line 80
Cake\View\Helper\FormHelper::widget() - CORE\src\View\Helper\FormHelper.php, line 2651
Cake\View\Helper\FormHelper::__call() - CORE\src\View\Helper\FormHelper.php, line 1542
Cake\View\Helper\FormHelper::text() - CORE\src\View\Helper\FormHelper.php, line 1159
Cake\View\Helper\FormHelper::_getInput() - CORE\src\View\Helper\FormHelper.php, line 1159
Cake\View\Helper\FormHelper::input() - CORE\src\View\Helper\FormHelper.php, line 1062
include - APP/Template\Layout\mylayout.ctp, line 75
Cake\View\View::_evaluate() - CORE\src\View\View.php, line 1005
Cake\View\View::_render() - CORE\src\View\View.php, line 964
Cake\View\View::renderLayout() - CORE\src\View\View.php, line 635
Cake\View\View::render() - CORE\src\View\View.php, line 593
Cake\Controller\Controller::render() - CORE\src\Controller\Controller.php, line 617
Cake\Http\ActionDispatcher::_invoke() - CORE\src\Http\ActionDispatcher.php, line 131
Cake\Http\ActionDispatcher::dispatch() - CORE\src\Http\ActionDispatcher.php, line 99
Cake\Http\BaseApplication::__invoke() - CORE\src\Http\BaseApplication.php, line 82
Cake\Http\Runner::__invoke() - CORE\src\Http\Runner.php, line 65
Cake\Routing\Middleware\RoutingMiddleware::__invoke() - CORE\src\Routing\Middleware\RoutingMiddleware.php, line 52
Cake\Http\Runner::__invoke() - CORE\src\Http\Runner.php, line 65
Cake\Routing\Middleware\AssetMiddleware::__invoke() - CORE\src\Routing\Middleware\AssetMiddleware.php, line 88
Cake\Http\Runner::__invoke() - CORE\src\Http\Runner.php, line 65
Cake\Error\Middleware\ErrorHandlerMiddleware::__invoke() - CORE\src\Error\Middleware\ErrorHandlerMiddleware.php, line 51
Cake\Http\Runner::__invoke() - CORE\src\Http\Runner.php, line 65
Cake\Http\Runner::run() - CORE\src\Http\Runner.php, line 51
Cake\Http\Server::run() - CORE\src\Http\Server.php, line 82
[main] - ROOT\webroot\index.php, line 37



2016-08-22 20:05:50 Notice: Deprecated (16384): Using key `action` is deprecated, use `url` directly instead. in [C:\xampp\htdocs\koosenclub\vendor\cakephp\cakephp\src\View\Helper\FormHelper.php, line 365]
Request URL: /koosenclub/
Referer URL: http://localhost:8082/koosenclub/
Trace:
Cake\Error\BaseErrorHandler::handleError() - CORE\src\Error\BaseErrorHandler.php, line 146
Cake\View\Helper\FormHelper::create() - CORE\src\View\Helper\FormHelper.php, line 365
include - APP/Template\Layout\mylayout.ctp, line 68
Cake\View\View::_evaluate() - CORE\src\View\View.php, line 1005
Cake\View\View::_render() - CORE\src\View\View.php, line 964
Cake\View\View::renderLayout() - CORE\src\View\View.php, line 635
Cake\View\View::render() - CORE\src\View\View.php, line 593
Cake\Controller\Controller::render() - CORE\src\Controller\Controller.php, line 617
Cake\Http\ActionDispatcher::_invoke() - CORE\src\Http\ActionDispatcher.php, line 131
Cake\Http\ActionDispatcher::dispatch() - CORE\src\Http\ActionDispatcher.php, line 99
Cake\Http\BaseApplication::__invoke() - CORE\src\Http\BaseApplication.php, line 82
Cake\Http\Runner::__invoke() - CORE\src\Http\Runner.php, line 65
Cake\Routing\Middleware\RoutingMiddleware::__invoke() - CORE\src\Routing\Middleware\RoutingMiddleware.php, line 52
Cake\Http\Runner::__invoke() - CORE\src\Http\Runner.php, line 65
Cake\Routing\Middleware\AssetMiddleware::__invoke() - CORE\src\Routing\Middleware\AssetMiddleware.php, line 88
Cake\Http\Runner::__invoke() - CORE\src\Http\Runner.php, line 65
Cake\Error\Middleware\ErrorHandlerMiddleware::__invoke() - CORE\src\Error\Middleware\ErrorHandlerMiddleware.php, line 51
Cake\Http\Runner::__invoke() - CORE\src\Http\Runner.php, line 65
Cake\Http\Runner::run() - CORE\src\Http\Runner.php, line 51
Cake\Http\Server::run() - CORE\src\Http\Server.php, line 82
[main] - ROOT\webroot\index.php, line 37



2016-08-22 20:06:27 Notice: Deprecated (16384): Using key `action` is deprecated, use `url` directly instead. in [C:\xampp\htdocs\koosenclub\vendor\cakephp\cakephp\src\View\Helper\FormHelper.php, line 365]
Request URL: /koosenclub/
Referer URL: http://localhost:8082/koosenclub/
Trace:
Cake\Error\BaseErrorHandler::handleError() - CORE\src\Error\BaseErrorHandler.php, line 146
Cake\View\Helper\FormHelper::create() - CORE\src\View\Helper\FormHelper.php, line 365
include - APP/Template\Layout\mylayout.ctp, line 68
Cake\View\View::_evaluate() - CORE\src\View\View.php, line 1005
Cake\View\View::_render() - CORE\src\View\View.php, line 964
Cake\View\View::renderLayout() - CORE\src\View\View.php, line 635
Cake\View\View::render() - CORE\src\View\View.php, line 593
Cake\Controller\Controller::render() - CORE\src\Controller\Controller.php, line 617
Cake\Http\ActionDispatcher::_invoke() - CORE\src\Http\ActionDispatcher.php, line 131
Cake\Http\ActionDispatcher::dispatch() - CORE\src\Http\ActionDispatcher.php, line 99
Cake\Http\BaseApplication::__invoke() - CORE\src\Http\BaseApplication.php, line 82
Cake\Http\Runner::__invoke() - CORE\src\Http\Runner.php, line 65
Cake\Routing\Middleware\RoutingMiddleware::__invoke() - CORE\src\Routing\Middleware\RoutingMiddleware.php, line 52
Cake\Http\Runner::__invoke() - CORE\src\Http\Runner.php, line 65
Cake\Routing\Middleware\AssetMiddleware::__invoke() - CORE\src\Routing\Middleware\AssetMiddleware.php, line 88
Cake\Http\Runner::__invoke() - CORE\src\Http\Runner.php, line 65
Cake\Error\Middleware\ErrorHandlerMiddleware::__invoke() - CORE\src\Error\Middleware\ErrorHandlerMiddleware.php, line 51
Cake\Http\Runner::__invoke() - CORE\src\Http\Runner.php, line 65
Cake\Http\Runner::run() - CORE\src\Http\Runner.php, line 51
Cake\Http\Server::run() - CORE\src\Http\Server.php, line 82
[main] - ROOT\webroot\index.php, line 37



2016-08-22 20:09:15 Notice: Deprecated (16384): Using key `action` is deprecated, use `url` directly instead. in [C:\xampp\htdocs\koosenclub\vendor\cakephp\cakephp\src\View\Helper\FormHelper.php, line 365]
Request URL: /koosenclub/
Referer URL: http://localhost:8082/koosenclub/
Trace:
Cake\Error\BaseErrorHandler::handleError() - CORE\src\Error\BaseErrorHandler.php, line 146
Cake\View\Helper\FormHelper::create() - CORE\src\View\Helper\FormHelper.php, line 365
include - APP/Template\Layout\mylayout.ctp, line 68
Cake\View\View::_evaluate() - CORE\src\View\View.php, line 1005
Cake\View\View::_render() - CORE\src\View\View.php, line 964
Cake\View\View::renderLayout() - CORE\src\View\View.php, line 635
Cake\View\View::render() - CORE\src\View\View.php, line 593
Cake\Controller\Controller::render() - CORE\src\Controller\Controller.php, line 617
Cake\Http\ActionDispatcher::_invoke() - CORE\src\Http\ActionDispatcher.php, line 131
Cake\Http\ActionDispatcher::dispatch() - CORE\src\Http\ActionDispatcher.php, line 99
Cake\Http\BaseApplication::__invoke() - CORE\src\Http\BaseApplication.php, line 82
Cake\Http\Runner::__invoke() - CORE\src\Http\Runner.php, line 65
Cake\Routing\Middleware\RoutingMiddleware::__invoke() - CORE\src\Routing\Middleware\RoutingMiddleware.php, line 52
Cake\Http\Runner::__invoke() - CORE\src\Http\Runner.php, line 65
Cake\Routing\Middleware\AssetMiddleware::__invoke() - CORE\src\Routing\Middleware\AssetMiddleware.php, line 88
Cake\Http\Runner::__invoke() - CORE\src\Http\Runner.php, line 65
Cake\Error\Middleware\ErrorHandlerMiddleware::__invoke() - CORE\src\Error\Middleware\ErrorHandlerMiddleware.php, line 51
Cake\Http\Runner::__invoke() - CORE\src\Http\Runner.php, line 65
Cake\Http\Runner::run() - CORE\src\Http\Runner.php, line 51
Cake\Http\Server::run() - CORE\src\Http\Server.php, line 82
[main] - ROOT\webroot\index.php, line 37



2016-08-22 20:17:06 Notice: Deprecated (16384): Using key `action` is deprecated, use `url` directly instead. in [C:\xampp\htdocs\koosenclub\vendor\cakephp\cakephp\src\View\Helper\FormHelper.php, line 365]
Request URL: /koosenclub/
Referer URL: http://localhost:8082/koosenclub/
Trace:
Cake\Error\BaseErrorHandler::handleError() - CORE\src\Error\BaseErrorHandler.php, line 146
Cake\View\Helper\FormHelper::create() - CORE\src\View\Helper\FormHelper.php, line 365
include - APP/Template\Layout\mylayout.ctp, line 68
Cake\View\View::_evaluate() - CORE\src\View\View.php, line 1005
Cake\View\View::_render() - CORE\src\View\View.php, line 964
Cake\View\View::renderLayout() - CORE\src\View\View.php, line 635
Cake\View\View::render() - CORE\src\View\View.php, line 593
Cake\Controller\Controller::render() - CORE\src\Controller\Controller.php, line 617
Cake\Http\ActionDispatcher::_invoke() - CORE\src\Http\ActionDispatcher.php, line 131
Cake\Http\ActionDispatcher::dispatch() - CORE\src\Http\ActionDispatcher.php, line 99
Cake\Http\BaseApplication::__invoke() - CORE\src\Http\BaseApplication.php, line 82
Cake\Http\Runner::__invoke() - CORE\src\Http\Runner.php, line 65
Cake\Routing\Middleware\RoutingMiddleware::__invoke() - CORE\src\Routing\Middleware\RoutingMiddleware.php, line 52
Cake\Http\Runner::__invoke() - CORE\src\Http\Runner.php, line 65
Cake\Routing\Middleware\AssetMiddleware::__invoke() - CORE\src\Routing\Middleware\AssetMiddleware.php, line 88
Cake\Http\Runner::__invoke() - CORE\src\Http\Runner.php, line 65
Cake\Error\Middleware\ErrorHandlerMiddleware::__invoke() - CORE\src\Error\Middleware\ErrorHandlerMiddleware.php, line 51
Cake\Http\Runner::__invoke() - CORE\src\Http\Runner.php, line 65
Cake\Http\Runner::run() - CORE\src\Http\Runner.php, line 51
Cake\Http\Server::run() - CORE\src\Http\Server.php, line 82
[main] - ROOT\webroot\index.php, line 37



2016-08-22 20:18:10 Notice: Deprecated (16384): Using key `action` is deprecated, use `url` directly instead. in [C:\xampp\htdocs\koosenclub\vendor\cakephp\cakephp\src\View\Helper\FormHelper.php, line 365]
Request URL: /koosenclub/
Referer URL: http://localhost:8082/koosenclub/
Trace:
Cake\Error\BaseErrorHandler::handleError() - CORE\src\Error\BaseErrorHandler.php, line 146
Cake\View\Helper\FormHelper::create() - CORE\src\View\Helper\FormHelper.php, line 365
include - APP/Template\Layout\mylayout.ctp, line 67
Cake\View\View::_evaluate() - CORE\src\View\View.php, line 1005
Cake\View\View::_render() - CORE\src\View\View.php, line 964
Cake\View\View::renderLayout() - CORE\src\View\View.php, line 635
Cake\View\View::render() - CORE\src\View\View.php, line 593
Cake\Controller\Controller::render() - CORE\src\Controller\Controller.php, line 617
Cake\Http\ActionDispatcher::_invoke() - CORE\src\Http\ActionDispatcher.php, line 131
Cake\Http\ActionDispatcher::dispatch() - CORE\src\Http\ActionDispatcher.php, line 99
Cake\Http\BaseApplication::__invoke() - CORE\src\Http\BaseApplication.php, line 82
Cake\Http\Runner::__invoke() - CORE\src\Http\Runner.php, line 65
Cake\Routing\Middleware\RoutingMiddleware::__invoke() - CORE\src\Routing\Middleware\RoutingMiddleware.php, line 52
Cake\Http\Runner::__invoke() - CORE\src\Http\Runner.php, line 65
Cake\Routing\Middleware\AssetMiddleware::__invoke() - CORE\src\Routing\Middleware\AssetMiddleware.php, line 88
Cake\Http\Runner::__invoke() - CORE\src\Http\Runner.php, line 65
Cake\Error\Middleware\ErrorHandlerMiddleware::__invoke() - CORE\src\Error\Middleware\ErrorHandlerMiddleware.php, line 51
Cake\Http\Runner::__invoke() - CORE\src\Http\Runner.php, line 65
Cake\Http\Runner::run() - CORE\src\Http\Runner.php, line 51
Cake\Http\Server::run() - CORE\src\Http\Server.php, line 82
[main] - ROOT\webroot\index.php, line 37



2016-08-22 20:28:46 Notice: Notice (8): Undefined variable: users in [C:\xampp\htdocs\koosenclub\src\Template\Layout\mylayout.ctp, line 67]
Request URL: /koosenclub/
Referer URL: http://localhost:8082/koosenclub/
Trace:
Cake\Error\BaseErrorHandler::handleError() - CORE\src\Error\BaseErrorHandler.php, line 146
include - APP/Template\Layout\mylayout.ctp, line 67
Cake\View\View::_evaluate() - CORE\src\View\View.php, line 1005
Cake\View\View::_render() - CORE\src\View\View.php, line 964
Cake\View\View::renderLayout() - CORE\src\View\View.php, line 635
Cake\View\View::render() - CORE\src\View\View.php, line 593
Cake\Controller\Controller::render() - CORE\src\Controller\Controller.php, line 617
Cake\Http\ActionDispatcher::_invoke() - CORE\src\Http\ActionDispatcher.php, line 131
Cake\Http\ActionDispatcher::dispatch() - CORE\src\Http\ActionDispatcher.php, line 99
Cake\Http\BaseApplication::__invoke() - CORE\src\Http\BaseApplication.php, line 82
Cake\Http\Runner::__invoke() - CORE\src\Http\Runner.php, line 65
Cake\Routing\Middleware\RoutingMiddleware::__invoke() - CORE\src\Routing\Middleware\RoutingMiddleware.php, line 52
Cake\Http\Runner::__invoke() - CORE\src\Http\Runner.php, line 65
Cake\Routing\Middleware\AssetMiddleware::__invoke() - CORE\src\Routing\Middleware\AssetMiddleware.php, line 88
Cake\Http\Runner::__invoke() - CORE\src\Http\Runner.php, line 65
Cake\Error\Middleware\ErrorHandlerMiddleware::__invoke() - CORE\src\Error\Middleware\ErrorHandlerMiddleware.php, line 51
Cake\Http\Runner::__invoke() - CORE\src\Http\Runner.php, line 65
Cake\Http\Runner::run() - CORE\src\Http\Runner.php, line 51
Cake\Http\Server::run() - CORE\src\Http\Server.php, line 82
[main] - ROOT\webroot\index.php, line 37



2016-08-22 20:28:54 Notice: Notice (8): Undefined variable: user in [C:\xampp\htdocs\koosenclub\src\Template\Layout\mylayout.ctp, line 67]
Request URL: /koosenclub/
Referer URL: http://localhost:8082/koosenclub/
Trace:
Cake\Error\BaseErrorHandler::handleError() - CORE\src\Error\BaseErrorHandler.php, line 146
include - APP/Template\Layout\mylayout.ctp, line 67
Cake\View\View::_evaluate() - CORE\src\View\View.php, line 1005
Cake\View\View::_render() - CORE\src\View\View.php, line 964
Cake\View\View::renderLayout() - CORE\src\View\View.php, line 635
Cake\View\View::render() - CORE\src\View\View.php, line 593
Cake\Controller\Controller::render() - CORE\src\Controller\Controller.php, line 617
Cake\Http\ActionDispatcher::_invoke() - CORE\src\Http\ActionDispatcher.php, line 131
Cake\Http\ActionDispatcher::dispatch() - CORE\src\Http\ActionDispatcher.php, line 99
Cake\Http\BaseApplication::__invoke() - CORE\src\Http\BaseApplication.php, line 82
Cake\Http\Runner::__invoke() - CORE\src\Http\Runner.php, line 65
Cake\Routing\Middleware\RoutingMiddleware::__invoke() - CORE\src\Routing\Middleware\RoutingMiddleware.php, line 52
Cake\Http\Runner::__invoke() - CORE\src\Http\Runner.php, line 65
Cake\Routing\Middleware\AssetMiddleware::__invoke() - CORE\src\Routing\Middleware\AssetMiddleware.php, line 88
Cake\Http\Runner::__invoke() - CORE\src\Http\Runner.php, line 65
Cake\Error\Middleware\ErrorHandlerMiddleware::__invoke() - CORE\src\Error\Middleware\ErrorHandlerMiddleware.php, line 51
Cake\Http\Runner::__invoke() - CORE\src\Http\Runner.php, line 65
Cake\Http\Runner::run() - CORE\src\Http\Runner.php, line 51
Cake\Http\Server::run() - CORE\src\Http\Server.php, line 82
[main] - ROOT\webroot\index.php, line 37



2016-08-22 20:36:16 Notice: Notice (8): Undefined variable: model in [C:\xampp\htdocs\koosenclub\src\Template\Layout\mylayout.ctp, line 67]
Request URL: /koosenclub/
Referer URL: http://localhost:8082/koosenclub/
Trace:
Cake\Error\BaseErrorHandler::handleError() - CORE\src\Error\BaseErrorHandler.php, line 146
include - APP/Template\Layout\mylayout.ctp, line 67
Cake\View\View::_evaluate() - CORE\src\View\View.php, line 1005
Cake\View\View::_render() - CORE\src\View\View.php, line 964
Cake\View\View::renderLayout() - CORE\src\View\View.php, line 635
Cake\View\View::render() - CORE\src\View\View.php, line 593
Cake\Controller\Controller::render() - CORE\src\Controller\Controller.php, line 617
Cake\Http\ActionDispatcher::_invoke() - CORE\src\Http\ActionDispatcher.php, line 131
Cake\Http\ActionDispatcher::dispatch() - CORE\src\Http\ActionDispatcher.php, line 99
Cake\Http\BaseApplication::__invoke() - CORE\src\Http\BaseApplication.php, line 82
Cake\Http\Runner::__invoke() - CORE\src\Http\Runner.php, line 65
Cake\Routing\Middleware\RoutingMiddleware::__invoke() - CORE\src\Routing\Middleware\RoutingMiddleware.php, line 52
Cake\Http\Runner::__invoke() - CORE\src\Http\Runner.php, line 65
Cake\Routing\Middleware\AssetMiddleware::__invoke() - CORE\src\Routing\Middleware\AssetMiddleware.php, line 88
Cake\Http\Runner::__invoke() - CORE\src\Http\Runner.php, line 65
Cake\Error\Middleware\ErrorHandlerMiddleware::__invoke() - CORE\src\Error\Middleware\ErrorHandlerMiddleware.php, line 51
Cake\Http\Runner::__invoke() - CORE\src\Http\Runner.php, line 65
Cake\Http\Runner::run() - CORE\src\Http\Runner.php, line 51
Cake\Http\Server::run() - CORE\src\Http\Server.php, line 82
[main] - ROOT\webroot\index.php, line 37



2016-08-22 20:37:30 Notice: Notice (8): Undefined variable: model in [C:\xampp\htdocs\koosenclub\src\Template\Layout\mylayout.ctp, line 67]
Request URL: /koosenclub/mylayout/question
Referer URL: http://localhost:8082/koosenclub/users/login
Trace:
Cake\Error\BaseErrorHandler::handleError() - CORE\src\Error\BaseErrorHandler.php, line 146
include - APP/Template\Layout\mylayout.ctp, line 67
Cake\View\View::_evaluate() - CORE\src\View\View.php, line 1005
Cake\View\View::_render() - CORE\src\View\View.php, line 964
Cake\View\View::renderLayout() - CORE\src\View\View.php, line 635
Cake\View\View::render() - CORE\src\View\View.php, line 593
Cake\Controller\Controller::render() - CORE\src\Controller\Controller.php, line 617
Cake\Http\ActionDispatcher::_invoke() - CORE\src\Http\ActionDispatcher.php, line 131
Cake\Http\ActionDispatcher::dispatch() - CORE\src\Http\ActionDispatcher.php, line 99
Cake\Http\BaseApplication::__invoke() - CORE\src\Http\BaseApplication.php, line 82
Cake\Http\Runner::__invoke() - CORE\src\Http\Runner.php, line 65
Cake\Routing\Middleware\RoutingMiddleware::__invoke() - CORE\src\Routing\Middleware\RoutingMiddleware.php, line 52
Cake\Http\Runner::__invoke() - CORE\src\Http\Runner.php, line 65
Cake\Routing\Middleware\AssetMiddleware::__invoke() - CORE\src\Routing\Middleware\AssetMiddleware.php, line 88
Cake\Http\Runner::__invoke() - CORE\src\Http\Runner.php, line 65
Cake\Error\Middleware\ErrorHandlerMiddleware::__invoke() - CORE\src\Error\Middleware\ErrorHandlerMiddleware.php, line 51
Cake\Http\Runner::__invoke() - CORE\src\Http\Runner.php, line 65
Cake\Http\Runner::run() - CORE\src\Http\Runner.php, line 51
Cake\Http\Server::run() - CORE\src\Http\Server.php, line 82
[main] - ROOT\webroot\index.php, line 37



2016-08-22 20:37:32 Notice: Notice (8): Undefined variable: model in [C:\xampp\htdocs\koosenclub\src\Template\Layout\mylayout.ctp, line 67]
Request URL: /koosenclub/
Referer URL: http://localhost:8082/koosenclub/mylayout/question
Trace:
Cake\Error\BaseErrorHandler::handleError() - CORE\src\Error\BaseErrorHandler.php, line 146
include - APP/Template\Layout\mylayout.ctp, line 67
Cake\View\View::_evaluate() - CORE\src\View\View.php, line 1005
Cake\View\View::_render() - CORE\src\View\View.php, line 964
Cake\View\View::renderLayout() - CORE\src\View\View.php, line 635
Cake\View\View::render() - CORE\src\View\View.php, line 593
Cake\Controller\Controller::render() - CORE\src\Controller\Controller.php, line 617
Cake\Http\ActionDispatcher::_invoke() - CORE\src\Http\ActionDispatcher.php, line 131
Cake\Http\ActionDispatcher::dispatch() - CORE\src\Http\ActionDispatcher.php, line 99
Cake\Http\BaseApplication::__invoke() - CORE\src\Http\BaseApplication.php, line 82
Cake\Http\Runner::__invoke() - CORE\src\Http\Runner.php, line 65
Cake\Routing\Middleware\RoutingMiddleware::__invoke() - CORE\src\Routing\Middleware\RoutingMiddleware.php, line 52
Cake\Http\Runner::__invoke() - CORE\src\Http\Runner.php, line 65
Cake\Routing\Middleware\AssetMiddleware::__invoke() - CORE\src\Routing\Middleware\AssetMiddleware.php, line 88
Cake\Http\Runner::__invoke() - CORE\src\Http\Runner.php, line 65
Cake\Error\Middleware\ErrorHandlerMiddleware::__invoke() - CORE\src\Error\Middleware\ErrorHandlerMiddleware.php, line 51
Cake\Http\Runner::__invoke() - CORE\src\Http\Runner.php, line 65
Cake\Http\Runner::run() - CORE\src\Http\Runner.php, line 51
Cake\Http\Server::run() - CORE\src\Http\Server.php, line 82
[main] - ROOT\webroot\index.php, line 37



2016-08-22 20:37:33 Notice: Notice (8): Undefined variable: model in [C:\xampp\htdocs\koosenclub\src\Template\Layout\mylayout.ctp, line 67]
Request URL: /koosenclub/mylayout/question
Referer URL: http://localhost:8082/koosenclub/
Trace:
Cake\Error\BaseErrorHandler::handleError() - CORE\src\Error\BaseErrorHandler.php, line 146
include - APP/Template\Layout\mylayout.ctp, line 67
Cake\View\View::_evaluate() - CORE\src\View\View.php, line 1005
Cake\View\View::_render() - CORE\src\View\View.php, line 964
Cake\View\View::renderLayout() - CORE\src\View\View.php, line 635
Cake\View\View::render() - CORE\src\View\View.php, line 593
Cake\Controller\Controller::render() - CORE\src\Controller\Controller.php, line 617
Cake\Http\ActionDispatcher::_invoke() - CORE\src\Http\ActionDispatcher.php, line 131
Cake\Http\ActionDispatcher::dispatch() - CORE\src\Http\ActionDispatcher.php, line 99
Cake\Http\BaseApplication::__invoke() - CORE\src\Http\BaseApplication.php, line 82
Cake\Http\Runner::__invoke() - CORE\src\Http\Runner.php, line 65
Cake\Routing\Middleware\RoutingMiddleware::__invoke() - CORE\src\Routing\Middleware\RoutingMiddleware.php, line 52
Cake\Http\Runner::__invoke() - CORE\src\Http\Runner.php, line 65
Cake\Routing\Middleware\AssetMiddleware::__invoke() - CORE\src\Routing\Middleware\AssetMiddleware.php, line 88
Cake\Http\Runner::__invoke() - CORE\src\Http\Runner.php, line 65
Cake\Error\Middleware\ErrorHandlerMiddleware::__invoke() - CORE\src\Error\Middleware\ErrorHandlerMiddleware.php, line 51
Cake\Http\Runner::__invoke() - CORE\src\Http\Runner.php, line 65
Cake\Http\Runner::run() - CORE\src\Http\Runner.php, line 51
Cake\Http\Server::run() - CORE\src\Http\Server.php, line 82
[main] - ROOT\webroot\index.php, line 37



2016-08-22 20:37:33 Notice: Notice (8): Undefined variable: model in [C:\xampp\htdocs\koosenclub\src\Template\Layout\mylayout.ctp, line 67]
Request URL: /koosenclub/
Referer URL: http://localhost:8082/koosenclub/mylayout/question
Trace:
Cake\Error\BaseErrorHandler::handleError() - CORE\src\Error\BaseErrorHandler.php, line 146
include - APP/Template\Layout\mylayout.ctp, line 67
Cake\View\View::_evaluate() - CORE\src\View\View.php, line 1005
Cake\View\View::_render() - CORE\src\View\View.php, line 964
Cake\View\View::renderLayout() - CORE\src\View\View.php, line 635
Cake\View\View::render() - CORE\src\View\View.php, line 593
Cake\Controller\Controller::render() - CORE\src\Controller\Controller.php, line 617
Cake\Http\ActionDispatcher::_invoke() - CORE\src\Http\ActionDispatcher.php, line 131
Cake\Http\ActionDispatcher::dispatch() - CORE\src\Http\ActionDispatcher.php, line 99
Cake\Http\BaseApplication::__invoke() - CORE\src\Http\BaseApplication.php, line 82
Cake\Http\Runner::__invoke() - CORE\src\Http\Runner.php, line 65
Cake\Routing\Middleware\RoutingMiddleware::__invoke() - CORE\src\Routing\Middleware\RoutingMiddleware.php, line 52
Cake\Http\Runner::__invoke() - CORE\src\Http\Runner.php, line 65
Cake\Routing\Middleware\AssetMiddleware::__invoke() - CORE\src\Routing\Middleware\AssetMiddleware.php, line 88
Cake\Http\Runner::__invoke() - CORE\src\Http\Runner.php, line 65
Cake\Error\Middleware\ErrorHandlerMiddleware::__invoke() - CORE\src\Error\Middleware\ErrorHandlerMiddleware.php, line 51
Cake\Http\Runner::__invoke() - CORE\src\Http\Runner.php, line 65
Cake\Http\Runner::run() - CORE\src\Http\Runner.php, line 51
Cake\Http\Server::run() - CORE\src\Http\Server.php, line 82
[main] - ROOT\webroot\index.php, line 37



2016-08-22 21:24:15 Notice: Notice (8): Undefined variable: model in [C:\xampp\htdocs\koosenclub\src\Template\Layout\mylayout.ctp, line 67]
Request URL: /koosenclub/
Referer URL: http://localhost:8082/koosenclub/users/login
Trace:
Cake\Error\BaseErrorHandler::handleError() - CORE\src\Error\BaseErrorHandler.php, line 146
include - APP/Template\Layout\mylayout.ctp, line 67
Cake\View\View::_evaluate() - CORE\src\View\View.php, line 1005
Cake\View\View::_render() - CORE\src\View\View.php, line 964
Cake\View\View::renderLayout() - CORE\src\View\View.php, line 635
Cake\View\View::render() - CORE\src\View\View.php, line 593
Cake\Controller\Controller::render() - CORE\src\Controller\Controller.php, line 617
Cake\Http\ActionDispatcher::_invoke() - CORE\src\Http\ActionDispatcher.php, line 131
Cake\Http\ActionDispatcher::dispatch() - CORE\src\Http\ActionDispatcher.php, line 99
Cake\Http\BaseApplication::__invoke() - CORE\src\Http\BaseApplication.php, line 82
Cake\Http\Runner::__invoke() - CORE\src\Http\Runner.php, line 65
Cake\Routing\Middleware\RoutingMiddleware::__invoke() - CORE\src\Routing\Middleware\RoutingMiddleware.php, line 52
Cake\Http\Runner::__invoke() - CORE\src\Http\Runner.php, line 65
Cake\Routing\Middleware\AssetMiddleware::__invoke() - CORE\src\Routing\Middleware\AssetMiddleware.php, line 88
Cake\Http\Runner::__invoke() - CORE\src\Http\Runner.php, line 65
Cake\Error\Middleware\ErrorHandlerMiddleware::__invoke() - CORE\src\Error\Middleware\ErrorHandlerMiddleware.php, line 51
Cake\Http\Runner::__invoke() - CORE\src\Http\Runner.php, line 65
Cake\Http\Runner::run() - CORE\src\Http\Runner.php, line 51
Cake\Http\Server::run() - CORE\src\Http\Server.php, line 82
[main] - ROOT\webroot\index.php, line 37



2016-08-22 21:28:07 Notice: Notice (8): Use of undefined constant user - assumed 'user' in [C:\xampp\htdocs\koosenclub\vendor\cakephp\cakephp\src\Http\ControllerFactory.php, line 79]
Request URL: /koosenclub/
Referer URL: http://localhost:8082/koosenclub/
Trace:
Cake\Error\BaseErrorHandler::handleError() - CORE\src\Error\BaseErrorHandler.php, line 146
ReflectionClass::newInstance() - [internal], line ??
Cake\Http\ControllerFactory::create() - CORE\src\Http\ControllerFactory.php, line 79
Cake\Http\ActionDispatcher::dispatch() - CORE\src\Http\ActionDispatcher.php, line 96
Cake\Http\BaseApplication::__invoke() - CORE\src\Http\BaseApplication.php, line 82
Cake\Http\Runner::__invoke() - CORE\src\Http\Runner.php, line 65
Cake\Routing\Middleware\RoutingMiddleware::__invoke() - CORE\src\Routing\Middleware\RoutingMiddleware.php, line 52
Cake\Http\Runner::__invoke() - CORE\src\Http\Runner.php, line 65
Cake\Routing\Middleware\AssetMiddleware::__invoke() - CORE\src\Routing\Middleware\AssetMiddleware.php, line 88
Cake\Http\Runner::__invoke() - CORE\src\Http\Runner.php, line 65
Cake\Error\Middleware\ErrorHandlerMiddleware::__invoke() - CORE\src\Error\Middleware\ErrorHandlerMiddleware.php, line 51
Cake\Http\Runner::__invoke() - CORE\src\Http\Runner.php, line 65
Cake\Http\Runner::run() - CORE\src\Http\Runner.php, line 51
Cake\Http\Server::run() - CORE\src\Http\Server.php, line 82
[main] - ROOT\webroot\index.php, line 37



2016-08-22 21:28:16 Notice: Notice (8): Use of undefined constant user - assumed 'user' in [C:\xampp\htdocs\koosenclub\vendor\cakephp\cakephp\src\Http\ControllerFactory.php, line 79]
Request URL: /koosenclub/
Trace:
Cake\Error\BaseErrorHandler::handleError() - CORE\src\Error\BaseErrorHandler.php, line 146
ReflectionClass::newInstance() - [internal], line ??
Cake\Http\ControllerFactory::create() - CORE\src\Http\ControllerFactory.php, line 79
Cake\Http\ActionDispatcher::dispatch() - CORE\src\Http\ActionDispatcher.php, line 96
Cake\Http\BaseApplication::__invoke() - CORE\src\Http\BaseApplication.php, line 82
Cake\Http\Runner::__invoke() - CORE\src\Http\Runner.php, line 65
Cake\Routing\Middleware\RoutingMiddleware::__invoke() - CORE\src\Routing\Middleware\RoutingMiddleware.php, line 52
Cake\Http\Runner::__invoke() - CORE\src\Http\Runner.php, line 65
Cake\Routing\Middleware\AssetMiddleware::__invoke() - CORE\src\Routing\Middleware\AssetMiddleware.php, line 88
Cake\Http\Runner::__invoke() - CORE\src\Http\Runner.php, line 65
Cake\Error\Middleware\ErrorHandlerMiddleware::__invoke() - CORE\src\Error\Middleware\ErrorHandlerMiddleware.php, line 51
Cake\Http\Runner::__invoke() - CORE\src\Http\Runner.php, line 65
Cake\Http\Runner::run() - CORE\src\Http\Runner.php, line 51
Cake\Http\Server::run() - CORE\src\Http\Server.php, line 82
[main] - ROOT\webroot\index.php, line 37



2016-08-24 11:25:55 Notice: Notice (8): Use of undefined constant Users - assumed 'Users' in [C:\xampp\htdocs\koosenclub\src\Template\Layout\mylayout.ctp, line 67]
Request URL: /koosenclub/
Referer URL: http://localhost:8082/koosenclub/
Trace:
Cake\Error\BaseErrorHandler::handleError() - CORE\src\Error\BaseErrorHandler.php, line 146
include - APP/Template\Layout\mylayout.ctp, line 67
Cake\View\View::_evaluate() - CORE\src\View\View.php, line 1005
Cake\View\View::_render() - CORE\src\View\View.php, line 964
Cake\View\View::renderLayout() - CORE\src\View\View.php, line 635
Cake\View\View::render() - CORE\src\View\View.php, line 593
Cake\Controller\Controller::render() - CORE\src\Controller\Controller.php, line 617
Cake\Http\ActionDispatcher::_invoke() - CORE\src\Http\ActionDispatcher.php, line 131
Cake\Http\ActionDispatcher::dispatch() - CORE\src\Http\ActionDispatcher.php, line 99
Cake\Http\BaseApplication::__invoke() - CORE\src\Http\BaseApplication.php, line 82
Cake\Http\Runner::__invoke() - CORE\src\Http\Runner.php, line 65
Cake\Routing\Middleware\RoutingMiddleware::__invoke() - CORE\src\Routing\Middleware\RoutingMiddleware.php, line 52
Cake\Http\Runner::__invoke() - CORE\src\Http\Runner.php, line 65
Cake\Routing\Middleware\AssetMiddleware::__invoke() - CORE\src\Routing\Middleware\AssetMiddleware.php, line 88
Cake\Http\Runner::__invoke() - CORE\src\Http\Runner.php, line 65
Cake\Error\Middleware\ErrorHandlerMiddleware::__invoke() - CORE\src\Error\Middleware\ErrorHandlerMiddleware.php, line 51
Cake\Http\Runner::__invoke() - CORE\src\Http\Runner.php, line 65
Cake\Http\Runner::run() - CORE\src\Http\Runner.php, line 51
Cake\Http\Server::run() - CORE\src\Http\Server.php, line 82
[main] - ROOT\webroot\index.php, line 37



2016-08-24 14:31:04 Notice: Strict (2048): Declaration of App\Controller\UsersController::beforeFilter() should be compatible with Cake\Controller\Controller::beforeFilter(Cake\Event\Event $event) in [C:\xampp\htdocs\koosenclub\src\Controller\UsersController.php, line 12]
Request URL: /koosenclub/users/login
Trace:
Cake\Error\BaseErrorHandler::handleError() - CORE\src\Error\BaseErrorHandler.php, line 146
include - APP/Controller\UsersController.php, line 12
Composer\Autoload\includeFile - ROOT\vendor\composer\ClassLoader.php, line 412
Composer\Autoload\ClassLoader::loadClass() - ROOT\vendor\composer\ClassLoader.php, line 301
spl_autoload_call - [internal], line ??
class_exists - [internal], line ??
Cake\Core\App::_classExistsInBase() - CORE\src\Core\App.php, line 152
Cake\Core\App::className() - CORE\src\Core\App.php, line 64
Cake\Http\ControllerFactory::create() - CORE\src\Http\ControllerFactory.php, line 70
Cake\Http\ActionDispatcher::dispatch() - CORE\src\Http\ActionDispatcher.php, line 96
Cake\Http\BaseApplication::__invoke() - CORE\src\Http\BaseApplication.php, line 82
Cake\Http\Runner::__invoke() - CORE\src\Http\Runner.php, line 65
Cake\Routing\Middleware\RoutingMiddleware::__invoke() - CORE\src\Routing\Middleware\RoutingMiddleware.php, line 52
Cake\Http\Runner::__invoke() - CORE\src\Http\Runner.php, line 65
Cake\Routing\Middleware\AssetMiddleware::__invoke() - CORE\src\Routing\Middleware\AssetMiddleware.php, line 88
Cake\Http\Runner::__invoke() - CORE\src\Http\Runner.php, line 65
Cake\Error\Middleware\ErrorHandlerMiddleware::__invoke() - CORE\src\Error\Middleware\ErrorHandlerMiddleware.php, line 51
Cake\Http\Runner::__invoke() - CORE\src\Http\Runner.php, line 65
Cake\Http\Runner::run() - CORE\src\Http\Runner.php, line 51
Cake\Http\Server::run() - CORE\src\Http\Server.php, line 82
[main] - ROOT\webroot\index.php, line 37



2016-08-24 14:31:25 Notice: Strict (2048): Declaration of App\Controller\UsersController::beforeFilter() should be compatible with Cake\Controller\Controller::beforeFilter(Cake\Event\Event $event) in [C:\xampp\htdocs\koosenclub\src\Controller\UsersController.php, line 12]
Request URL: /koosenclub/users/login
Trace:
Cake\Error\BaseErrorHandler::handleError() - CORE\src\Error\BaseErrorHandler.php, line 146
include - APP/Controller\UsersController.php, line 12
Composer\Autoload\includeFile - ROOT\vendor\composer\ClassLoader.php, line 412
Composer\Autoload\ClassLoader::loadClass() - ROOT\vendor\composer\ClassLoader.php, line 301
spl_autoload_call - [internal], line ??
class_exists - [internal], line ??
Cake\Core\App::_classExistsInBase() - CORE\src\Core\App.php, line 152
Cake\Core\App::className() - CORE\src\Core\App.php, line 64
Cake\Http\ControllerFactory::create() - CORE\src\Http\ControllerFactory.php, line 70
Cake\Http\ActionDispatcher::dispatch() - CORE\src\Http\ActionDispatcher.php, line 96
Cake\Http\BaseApplication::__invoke() - CORE\src\Http\BaseApplication.php, line 82
Cake\Http\Runner::__invoke() - CORE\src\Http\Runner.php, line 65
Cake\Routing\Middleware\RoutingMiddleware::__invoke() - CORE\src\Routing\Middleware\RoutingMiddleware.php, line 52
Cake\Http\Runner::__invoke() - CORE\src\Http\Runner.php, line 65
Cake\Routing\Middleware\AssetMiddleware::__invoke() - CORE\src\Routing\Middleware\AssetMiddleware.php, line 88
Cake\Http\Runner::__invoke() - CORE\src\Http\Runner.php, line 65
Cake\Error\Middleware\ErrorHandlerMiddleware::__invoke() - CORE\src\Error\Middleware\ErrorHandlerMiddleware.php, line 51
Cake\Http\Runner::__invoke() - CORE\src\Http\Runner.php, line 65
Cake\Http\Runner::run() - CORE\src\Http\Runner.php, line 51
Cake\Http\Server::run() - CORE\src\Http\Server.php, line 82
[main] - ROOT\webroot\index.php, line 37



2016-08-24 14:31:58 Notice: Strict (2048): Declaration of App\Controller\UsersController::beforeFilter() should be compatible with Cake\Controller\Controller::beforeFilter(Cake\Event\Event $event) in [C:\xampp\htdocs\koosenclub\src\Controller\UsersController.php, line 12]
Request URL: /koosenclub/users/login
Trace:
Cake\Error\BaseErrorHandler::handleError() - CORE\src\Error\BaseErrorHandler.php, line 146
include - APP/Controller\UsersController.php, line 12
Composer\Autoload\includeFile - ROOT\vendor\composer\ClassLoader.php, line 412
Composer\Autoload\ClassLoader::loadClass() - ROOT\vendor\composer\ClassLoader.php, line 301
spl_autoload_call - [internal], line ??
class_exists - [internal], line ??
Cake\Core\App::_classExistsInBase() - CORE\src\Core\App.php, line 152
Cake\Core\App::className() - CORE\src\Core\App.php, line 64
Cake\Http\ControllerFactory::create() - CORE\src\Http\ControllerFactory.php, line 70
Cake\Http\ActionDispatcher::dispatch() - CORE\src\Http\ActionDispatcher.php, line 96
Cake\Http\BaseApplication::__invoke() - CORE\src\Http\BaseApplication.php, line 82
Cake\Http\Runner::__invoke() - CORE\src\Http\Runner.php, line 65
Cake\Routing\Middleware\RoutingMiddleware::__invoke() - CORE\src\Routing\Middleware\RoutingMiddleware.php, line 52
Cake\Http\Runner::__invoke() - CORE\src\Http\Runner.php, line 65
Cake\Routing\Middleware\AssetMiddleware::__invoke() - CORE\src\Routing\Middleware\AssetMiddleware.php, line 88
Cake\Http\Runner::__invoke() - CORE\src\Http\Runner.php, line 65
Cake\Error\Middleware\ErrorHandlerMiddleware::__invoke() - CORE\src\Error\Middleware\ErrorHandlerMiddleware.php, line 51
Cake\Http\Runner::__invoke() - CORE\src\Http\Runner.php, line 65
Cake\Http\Runner::run() - CORE\src\Http\Runner.php, line 51
Cake\Http\Server::run() - CORE\src\Http\Server.php, line 82
[main] - ROOT\webroot\index.php, line 37



2016-08-24 14:32:00 Notice: Strict (2048): Declaration of App\Controller\UsersController::beforeFilter() should be compatible with Cake\Controller\Controller::beforeFilter(Cake\Event\Event $event) in [C:\xampp\htdocs\koosenclub\src\Controller\UsersController.php, line 12]
Request URL: /koosenclub/users/login
Trace:
Cake\Error\BaseErrorHandler::handleError() - CORE\src\Error\BaseErrorHandler.php, line 146
include - APP/Controller\UsersController.php, line 12
Composer\Autoload\includeFile - ROOT\vendor\composer\ClassLoader.php, line 412
Composer\Autoload\ClassLoader::loadClass() - ROOT\vendor\composer\ClassLoader.php, line 301
spl_autoload_call - [internal], line ??
class_exists - [internal], line ??
Cake\Core\App::_classExistsInBase() - CORE\src\Core\App.php, line 152
Cake\Core\App::className() - CORE\src\Core\App.php, line 64
Cake\Http\ControllerFactory::create() - CORE\src\Http\ControllerFactory.php, line 70
Cake\Http\ActionDispatcher::dispatch() - CORE\src\Http\ActionDispatcher.php, line 96
Cake\Http\BaseApplication::__invoke() - CORE\src\Http\BaseApplication.php, line 82
Cake\Http\Runner::__invoke() - CORE\src\Http\Runner.php, line 65
Cake\Routing\Middleware\RoutingMiddleware::__invoke() - CORE\src\Routing\Middleware\RoutingMiddleware.php, line 52
Cake\Http\Runner::__invoke() - CORE\src\Http\Runner.php, line 65
Cake\Routing\Middleware\AssetMiddleware::__invoke() - CORE\src\Routing\Middleware\AssetMiddleware.php, line 88
Cake\Http\Runner::__invoke() - CORE\src\Http\Runner.php, line 65
Cake\Error\Middleware\ErrorHandlerMiddleware::__invoke() - CORE\src\Error\Middleware\ErrorHandlerMiddleware.php, line 51
Cake\Http\Runner::__invoke() - CORE\src\Http\Runner.php, line 65
Cake\Http\Runner::run() - CORE\src\Http\Runner.php, line 51
Cake\Http\Server::run() - CORE\src\Http\Server.php, line 82
[main] - ROOT\webroot\index.php, line 37



2016-08-24 14:32:08 Notice: Strict (2048): Declaration of App\Controller\UsersController::beforeFilter() should be compatible with Cake\Controller\Controller::beforeFilter(Cake\Event\Event $event) in [C:\xampp\htdocs\koosenclub\src\Controller\UsersController.php, line 12]
Request URL: /koosenclub/users/login
Trace:
Cake\Error\BaseErrorHandler::handleError() - CORE\src\Error\BaseErrorHandler.php, line 146
include - APP/Controller\UsersController.php, line 12
Composer\Autoload\includeFile - ROOT\vendor\composer\ClassLoader.php, line 412
Composer\Autoload\ClassLoader::loadClass() - ROOT\vendor\composer\ClassLoader.php, line 301
spl_autoload_call - [internal], line ??
class_exists - [internal], line ??
Cake\Core\App::_classExistsInBase() - CORE\src\Core\App.php, line 152
Cake\Core\App::className() - CORE\src\Core\App.php, line 64
Cake\Http\ControllerFactory::create() - CORE\src\Http\ControllerFactory.php, line 70
Cake\Http\ActionDispatcher::dispatch() - CORE\src\Http\ActionDispatcher.php, line 96
Cake\Http\BaseApplication::__invoke() - CORE\src\Http\BaseApplication.php, line 82
Cake\Http\Runner::__invoke() - CORE\src\Http\Runner.php, line 65
Cake\Routing\Middleware\RoutingMiddleware::__invoke() - CORE\src\Routing\Middleware\RoutingMiddleware.php, line 52
Cake\Http\Runner::__invoke() - CORE\src\Http\Runner.php, line 65
Cake\Routing\Middleware\AssetMiddleware::__invoke() - CORE\src\Routing\Middleware\AssetMiddleware.php, line 88
Cake\Http\Runner::__invoke() - CORE\src\Http\Runner.php, line 65
Cake\Error\Middleware\ErrorHandlerMiddleware::__invoke() - CORE\src\Error\Middleware\ErrorHandlerMiddleware.php, line 51
Cake\Http\Runner::__invoke() - CORE\src\Http\Runner.php, line 65
Cake\Http\Runner::run() - CORE\src\Http\Runner.php, line 51
Cake\Http\Server::run() - CORE\src\Http\Server.php, line 82
[main] - ROOT\webroot\index.php, line 37



2016-08-24 14:34:24 Notice: Strict (2048): Declaration of App\Controller\UsersController::beforeFilter() should be compatible with Cake\Controller\Controller::beforeFilter(Cake\Event\Event $event) in [C:\xampp\htdocs\koosenclub\src\Controller\UsersController.php, line 12]
Request URL: /koosenclub/users/login
Trace:
Cake\Error\BaseErrorHandler::handleError() - CORE\src\Error\BaseErrorHandler.php, line 146
include - APP/Controller\UsersController.php, line 12
Composer\Autoload\includeFile - ROOT\vendor\composer\ClassLoader.php, line 412
Composer\Autoload\ClassLoader::loadClass() - ROOT\vendor\composer\ClassLoader.php, line 301
spl_autoload_call - [internal], line ??
class_exists - [internal], line ??
Cake\Core\App::_classExistsInBase() - CORE\src\Core\App.php, line 152
Cake\Core\App::className() - CORE\src\Core\App.php, line 64
Cake\Http\ControllerFactory::create() - CORE\src\Http\ControllerFactory.php, line 70
Cake\Http\ActionDispatcher::dispatch() - CORE\src\Http\ActionDispatcher.php, line 96
Cake\Http\BaseApplication::__invoke() - CORE\src\Http\BaseApplication.php, line 82
Cake\Http\Runner::__invoke() - CORE\src\Http\Runner.php, line 65
Cake\Routing\Middleware\RoutingMiddleware::__invoke() - CORE\src\Routing\Middleware\RoutingMiddleware.php, line 52
Cake\Http\Runner::__invoke() - CORE\src\Http\Runner.php, line 65
Cake\Routing\Middleware\AssetMiddleware::__invoke() - CORE\src\Routing\Middleware\AssetMiddleware.php, line 88
Cake\Http\Runner::__invoke() - CORE\src\Http\Runner.php, line 65
Cake\Error\Middleware\ErrorHandlerMiddleware::__invoke() - CORE\src\Error\Middleware\ErrorHandlerMiddleware.php, line 51
Cake\Http\Runner::__invoke() - CORE\src\Http\Runner.php, line 65
Cake\Http\Runner::run() - CORE\src\Http\Runner.php, line 51
Cake\Http\Server::run() - CORE\src\Http\Server.php, line 82
[main] - ROOT\webroot\index.php, line 37



2016-08-24 14:34:25 Notice: Strict (2048): Declaration of App\Controller\UsersController::beforeFilter() should be compatible with Cake\Controller\Controller::beforeFilter(Cake\Event\Event $event) in [C:\xampp\htdocs\koosenclub\src\Controller\UsersController.php, line 12]
Request URL: /koosenclub/users/login
Trace:
Cake\Error\BaseErrorHandler::handleError() - CORE\src\Error\BaseErrorHandler.php, line 146
include - APP/Controller\UsersController.php, line 12
Composer\Autoload\includeFile - ROOT\vendor\composer\ClassLoader.php, line 412
Composer\Autoload\ClassLoader::loadClass() - ROOT\vendor\composer\ClassLoader.php, line 301
spl_autoload_call - [internal], line ??
class_exists - [internal], line ??
Cake\Core\App::_classExistsInBase() - CORE\src\Core\App.php, line 152
Cake\Core\App::className() - CORE\src\Core\App.php, line 64
Cake\Http\ControllerFactory::create() - CORE\src\Http\ControllerFactory.php, line 70
Cake\Http\ActionDispatcher::dispatch() - CORE\src\Http\ActionDispatcher.php, line 96
Cake\Http\BaseApplication::__invoke() - CORE\src\Http\BaseApplication.php, line 82
Cake\Http\Runner::__invoke() - CORE\src\Http\Runner.php, line 65
Cake\Routing\Middleware\RoutingMiddleware::__invoke() - CORE\src\Routing\Middleware\RoutingMiddleware.php, line 52
Cake\Http\Runner::__invoke() - CORE\src\Http\Runner.php, line 65
Cake\Routing\Middleware\AssetMiddleware::__invoke() - CORE\src\Routing\Middleware\AssetMiddleware.php, line 88
Cake\Http\Runner::__invoke() - CORE\src\Http\Runner.php, line 65
Cake\Error\Middleware\ErrorHandlerMiddleware::__invoke() - CORE\src\Error\Middleware\ErrorHandlerMiddleware.php, line 51
Cake\Http\Runner::__invoke() - CORE\src\Http\Runner.php, line 65
Cake\Http\Runner::run() - CORE\src\Http\Runner.php, line 51
Cake\Http\Server::run() - CORE\src\Http\Server.php, line 82
[main] - ROOT\webroot\index.php, line 37



2016-08-24 14:34:40 Notice: Strict (2048): Declaration of App\Controller\UsersController::beforeFilter() should be compatible with Cake\Controller\Controller::beforeFilter(Cake\Event\Event $event) in [C:\xampp\htdocs\koosenclub\src\Controller\UsersController.php, line 12]
Request URL: /koosenclub/users/login
Trace:
Cake\Error\BaseErrorHandler::handleError() - CORE\src\Error\BaseErrorHandler.php, line 146
include - APP/Controller\UsersController.php, line 12
Composer\Autoload\includeFile - ROOT\vendor\composer\ClassLoader.php, line 412
Composer\Autoload\ClassLoader::loadClass() - ROOT\vendor\composer\ClassLoader.php, line 301
spl_autoload_call - [internal], line ??
class_exists - [internal], line ??
Cake\Core\App::_classExistsInBase() - CORE\src\Core\App.php, line 152
Cake\Core\App::className() - CORE\src\Core\App.php, line 64
Cake\Http\ControllerFactory::create() - CORE\src\Http\ControllerFactory.php, line 70
Cake\Http\ActionDispatcher::dispatch() - CORE\src\Http\ActionDispatcher.php, line 96
Cake\Http\BaseApplication::__invoke() - CORE\src\Http\BaseApplication.php, line 82
Cake\Http\Runner::__invoke() - CORE\src\Http\Runner.php, line 65
Cake\Routing\Middleware\RoutingMiddleware::__invoke() - CORE\src\Routing\Middleware\RoutingMiddleware.php, line 52
Cake\Http\Runner::__invoke() - CORE\src\Http\Runner.php, line 65
Cake\Routing\Middleware\AssetMiddleware::__invoke() - CORE\src\Routing\Middleware\AssetMiddleware.php, line 88
Cake\Http\Runner::__invoke() - CORE\src\Http\Runner.php, line 65
Cake\Error\Middleware\ErrorHandlerMiddleware::__invoke() - CORE\src\Error\Middleware\ErrorHandlerMiddleware.php, line 51
Cake\Http\Runner::__invoke() - CORE\src\Http\Runner.php, line 65
Cake\Http\Runner::run() - CORE\src\Http\Runner.php, line 51
Cake\Http\Server::run() - CORE\src\Http\Server.php, line 82
[main] - ROOT\webroot\index.php, line 37



2016-08-24 14:34:51 Notice: Strict (2048): Declaration of App\Controller\UsersController::beforeFilter() should be compatible with Cake\Controller\Controller::beforeFilter(Cake\Event\Event $event) in [C:\xampp\htdocs\koosenclub\src\Controller\UsersController.php, line 12]
Request URL: /koosenclub/users/login
Referer URL: http://localhost:8082/koosenclub/
Trace:
Cake\Error\BaseErrorHandler::handleError() - CORE\src\Error\BaseErrorHandler.php, line 146
include - APP/Controller\UsersController.php, line 12
Composer\Autoload\includeFile - ROOT\vendor\composer\ClassLoader.php, line 412
Composer\Autoload\ClassLoader::loadClass() - ROOT\vendor\composer\ClassLoader.php, line 301
spl_autoload_call - [internal], line ??
class_exists - [internal], line ??
Cake\Core\App::_classExistsInBase() - CORE\src\Core\App.php, line 152
Cake\Core\App::className() - CORE\src\Core\App.php, line 64
Cake\Http\ControllerFactory::create() - CORE\src\Http\ControllerFactory.php, line 70
Cake\Http\ActionDispatcher::dispatch() - CORE\src\Http\ActionDispatcher.php, line 96
Cake\Http\BaseApplication::__invoke() - CORE\src\Http\BaseApplication.php, line 82
Cake\Http\Runner::__invoke() - CORE\src\Http\Runner.php, line 65
Cake\Routing\Middleware\RoutingMiddleware::__invoke() - CORE\src\Routing\Middleware\RoutingMiddleware.php, line 52
Cake\Http\Runner::__invoke() - CORE\src\Http\Runner.php, line 65
Cake\Routing\Middleware\AssetMiddleware::__invoke() - CORE\src\Routing\Middleware\AssetMiddleware.php, line 88
Cake\Http\Runner::__invoke() - CORE\src\Http\Runner.php, line 65
Cake\Error\Middleware\ErrorHandlerMiddleware::__invoke() - CORE\src\Error\Middleware\ErrorHandlerMiddleware.php, line 51
Cake\Http\Runner::__invoke() - CORE\src\Http\Runner.php, line 65
Cake\Http\Runner::run() - CORE\src\Http\Runner.php, line 51
Cake\Http\Server::run() - CORE\src\Http\Server.php, line 82
[main] - ROOT\webroot\index.php, line 37



2016-08-24 14:35:08 Notice: Strict (2048): Declaration of App\Controller\UsersController::beforeFilter() should be compatible with Cake\Controller\Controller::beforeFilter(Cake\Event\Event $event) in [C:\xampp\htdocs\koosenclub\src\Controller\UsersController.php, line 12]
Request URL: /koosenclub/users/logout
Trace:
Cake\Error\BaseErrorHandler::handleError() - CORE\src\Error\BaseErrorHandler.php, line 146
include - APP/Controller\UsersController.php, line 12
Composer\Autoload\includeFile - ROOT\vendor\composer\ClassLoader.php, line 412
Composer\Autoload\ClassLoader::loadClass() - ROOT\vendor\composer\ClassLoader.php, line 301
spl_autoload_call - [internal], line ??
class_exists - [internal], line ??
Cake\Core\App::_classExistsInBase() - CORE\src\Core\App.php, line 152
Cake\Core\App::className() - CORE\src\Core\App.php, line 64
Cake\Http\ControllerFactory::create() - CORE\src\Http\ControllerFactory.php, line 70
Cake\Http\ActionDispatcher::dispatch() - CORE\src\Http\ActionDispatcher.php, line 96
Cake\Http\BaseApplication::__invoke() - CORE\src\Http\BaseApplication.php, line 82
Cake\Http\Runner::__invoke() - CORE\src\Http\Runner.php, line 65
Cake\Routing\Middleware\RoutingMiddleware::__invoke() - CORE\src\Routing\Middleware\RoutingMiddleware.php, line 52
Cake\Http\Runner::__invoke() - CORE\src\Http\Runner.php, line 65
Cake\Routing\Middleware\AssetMiddleware::__invoke() - CORE\src\Routing\Middleware\AssetMiddleware.php, line 88
Cake\Http\Runner::__invoke() - CORE\src\Http\Runner.php, line 65
Cake\Error\Middleware\ErrorHandlerMiddleware::__invoke() - CORE\src\Error\Middleware\ErrorHandlerMiddleware.php, line 51
Cake\Http\Runner::__invoke() - CORE\src\Http\Runner.php, line 65
Cake\Http\Runner::run() - CORE\src\Http\Runner.php, line 51
Cake\Http\Server::run() - CORE\src\Http\Server.php, line 82
[main] - ROOT\webroot\index.php, line 37



2016-08-24 14:35:18 Notice: Strict (2048): Declaration of App\Controller\UsersController::beforeFilter() should be compatible with Cake\Controller\Controller::beforeFilter(Cake\Event\Event $event) in [C:\xampp\htdocs\koosenclub\src\Controller\UsersController.php, line 12]
Request URL: /koosenclub/users/login
Referer URL: http://localhost:8082/koosenclub/
Trace:
Cake\Error\BaseErrorHandler::handleError() - CORE\src\Error\BaseErrorHandler.php, line 146
include - APP/Controller\UsersController.php, line 12
Composer\Autoload\includeFile - ROOT\vendor\composer\ClassLoader.php, line 412
Composer\Autoload\ClassLoader::loadClass() - ROOT\vendor\composer\ClassLoader.php, line 301
spl_autoload_call - [internal], line ??
class_exists - [internal], line ??
Cake\Core\App::_classExistsInBase() - CORE\src\Core\App.php, line 152
Cake\Core\App::className() - CORE\src\Core\App.php, line 64
Cake\Http\ControllerFactory::create() - CORE\src\Http\ControllerFactory.php, line 70
Cake\Http\ActionDispatcher::dispatch() - CORE\src\Http\ActionDispatcher.php, line 96
Cake\Http\BaseApplication::__invoke() - CORE\src\Http\BaseApplication.php, line 82
Cake\Http\Runner::__invoke() - CORE\src\Http\Runner.php, line 65
Cake\Routing\Middleware\RoutingMiddleware::__invoke() - CORE\src\Routing\Middleware\RoutingMiddleware.php, line 52
Cake\Http\Runner::__invoke() - CORE\src\Http\Runner.php, line 65
Cake\Routing\Middleware\AssetMiddleware::__invoke() - CORE\src\Routing\Middleware\AssetMiddleware.php, line 88
Cake\Http\Runner::__invoke() - CORE\src\Http\Runner.php, line 65
Cake\Error\Middleware\ErrorHandlerMiddleware::__invoke() - CORE\src\Error\Middleware\ErrorHandlerMiddleware.php, line 51
Cake\Http\Runner::__invoke() - CORE\src\Http\Runner.php, line 65
Cake\Http\Runner::run() - CORE\src\Http\Runner.php, line 51
Cake\Http\Server::run() - CORE\src\Http\Server.php, line 82
[main] - ROOT\webroot\index.php, line 37



2016-08-24 14:35:36 Notice: Strict (2048): Declaration of App\Controller\UsersController::beforeFilter() should be compatible with Cake\Controller\Controller::beforeFilter(Cake\Event\Event $event) in [C:\xampp\htdocs\koosenclub\src\Controller\UsersController.php, line 12]
Request URL: /koosenclub/users/login
Trace:
Cake\Error\BaseErrorHandler::handleError() - CORE\src\Error\BaseErrorHandler.php, line 146
include - APP/Controller\UsersController.php, line 12
Composer\Autoload\includeFile - ROOT\vendor\composer\ClassLoader.php, line 412
Composer\Autoload\ClassLoader::loadClass() - ROOT\vendor\composer\ClassLoader.php, line 301
spl_autoload_call - [internal], line ??
class_exists - [internal], line ??
Cake\Core\App::_classExistsInBase() - CORE\src\Core\App.php, line 152
Cake\Core\App::className() - CORE\src\Core\App.php, line 64
Cake\Http\ControllerFactory::create() - CORE\src\Http\ControllerFactory.php, line 70
Cake\Http\ActionDispatcher::dispatch() - CORE\src\Http\ActionDispatcher.php, line 96
Cake\Http\BaseApplication::__invoke() - CORE\src\Http\BaseApplication.php, line 82
Cake\Http\Runner::__invoke() - CORE\src\Http\Runner.php, line 65
Cake\Routing\Middleware\RoutingMiddleware::__invoke() - CORE\src\Routing\Middleware\RoutingMiddleware.php, line 52
Cake\Http\Runner::__invoke() - CORE\src\Http\Runner.php, line 65
Cake\Routing\Middleware\AssetMiddleware::__invoke() - CORE\src\Routing\Middleware\AssetMiddleware.php, line 88
Cake\Http\Runner::__invoke() - CORE\src\Http\Runner.php, line 65
Cake\Error\Middleware\ErrorHandlerMiddleware::__invoke() - CORE\src\Error\Middleware\ErrorHandlerMiddleware.php, line 51
Cake\Http\Runner::__invoke() - CORE\src\Http\Runner.php, line 65
Cake\Http\Runner::run() - CORE\src\Http\Runner.php, line 51
Cake\Http\Server::run() - CORE\src\Http\Server.php, line 82
[main] - ROOT\webroot\index.php, line 37



2016-08-24 14:36:44 Notice: Strict (2048): Declaration of App\Controller\UsersController::beforeFilter() should be compatible with Cake\Controller\Controller::beforeFilter(Cake\Event\Event $event) in [C:\xampp\htdocs\koosenclub\src\Controller\UsersController.php, line 12]
Request URL: /koosenclub/users/login
Trace:
Cake\Error\BaseErrorHandler::handleError() - CORE\src\Error\BaseErrorHandler.php, line 146
include - APP/Controller\UsersController.php, line 12
Composer\Autoload\includeFile - ROOT\vendor\composer\ClassLoader.php, line 412
Composer\Autoload\ClassLoader::loadClass() - ROOT\vendor\composer\ClassLoader.php, line 301
spl_autoload_call - [internal], line ??
class_exists - [internal], line ??
Cake\Core\App::_classExistsInBase() - CORE\src\Core\App.php, line 152
Cake\Core\App::className() - CORE\src\Core\App.php, line 64
Cake\Http\ControllerFactory::create() - CORE\src\Http\ControllerFactory.php, line 70
Cake\Http\ActionDispatcher::dispatch() - CORE\src\Http\ActionDispatcher.php, line 96
Cake\Http\BaseApplication::__invoke() - CORE\src\Http\BaseApplication.php, line 82
Cake\Http\Runner::__invoke() - CORE\src\Http\Runner.php, line 65
Cake\Routing\Middleware\RoutingMiddleware::__invoke() - CORE\src\Routing\Middleware\RoutingMiddleware.php, line 52
Cake\Http\Runner::__invoke() - CORE\src\Http\Runner.php, line 65
Cake\Routing\Middleware\AssetMiddleware::__invoke() - CORE\src\Routing\Middleware\AssetMiddleware.php, line 88
Cake\Http\Runner::__invoke() - CORE\src\Http\Runner.php, line 65
Cake\Error\Middleware\ErrorHandlerMiddleware::__invoke() - CORE\src\Error\Middleware\ErrorHandlerMiddleware.php, line 51
Cake\Http\Runner::__invoke() - CORE\src\Http\Runner.php, line 65
Cake\Http\Runner::run() - CORE\src\Http\Runner.php, line 51
Cake\Http\Server::run() - CORE\src\Http\Server.php, line 82
[main] - ROOT\webroot\index.php, line 37



2016-08-24 14:37:35 Notice: Strict (2048): Declaration of App\Controller\UsersController::beforeFilter() should be compatible with Cake\Controller\Controller::beforeFilter(Cake\Event\Event $event) in [C:\xampp\htdocs\koosenclub\src\Controller\UsersController.php, line 12]
Request URL: /koosenclub/users/login
Trace:
Cake\Error\BaseErrorHandler::handleError() - CORE\src\Error\BaseErrorHandler.php, line 146
include - APP/Controller\UsersController.php, line 12
Composer\Autoload\includeFile - ROOT\vendor\composer\ClassLoader.php, line 412
Composer\Autoload\ClassLoader::loadClass() - ROOT\vendor\composer\ClassLoader.php, line 301
spl_autoload_call - [internal], line ??
class_exists - [internal], line ??
Cake\Core\App::_classExistsInBase() - CORE\src\Core\App.php, line 152
Cake\Core\App::className() - CORE\src\Core\App.php, line 64
Cake\Http\ControllerFactory::create() - CORE\src\Http\ControllerFactory.php, line 70
Cake\Http\ActionDispatcher::dispatch() - CORE\src\Http\ActionDispatcher.php, line 96
Cake\Http\BaseApplication::__invoke() - CORE\src\Http\BaseApplication.php, line 82
Cake\Http\Runner::__invoke() - CORE\src\Http\Runner.php, line 65
Cake\Routing\Middleware\RoutingMiddleware::__invoke() - CORE\src\Routing\Middleware\RoutingMiddleware.php, line 52
Cake\Http\Runner::__invoke() - CORE\src\Http\Runner.php, line 65
Cake\Routing\Middleware\AssetMiddleware::__invoke() - CORE\src\Routing\Middleware\AssetMiddleware.php, line 88
Cake\Http\Runner::__invoke() - CORE\src\Http\Runner.php, line 65
Cake\Error\Middleware\ErrorHandlerMiddleware::__invoke() - CORE\src\Error\Middleware\ErrorHandlerMiddleware.php, line 51
Cake\Http\Runner::__invoke() - CORE\src\Http\Runner.php, line 65
Cake\Http\Runner::run() - CORE\src\Http\Runner.php, line 51
Cake\Http\Server::run() - CORE\src\Http\Server.php, line 82
[main] - ROOT\webroot\index.php, line 37



2016-08-24 14:37:36 Notice: Strict (2048): Declaration of App\Controller\UsersController::beforeFilter() should be compatible with Cake\Controller\Controller::beforeFilter(Cake\Event\Event $event) in [C:\xampp\htdocs\koosenclub\src\Controller\UsersController.php, line 12]
Request URL: /koosenclub/users/login
Trace:
Cake\Error\BaseErrorHandler::handleError() - CORE\src\Error\BaseErrorHandler.php, line 146
include - APP/Controller\UsersController.php, line 12
Composer\Autoload\includeFile - ROOT\vendor\composer\ClassLoader.php, line 412
Composer\Autoload\ClassLoader::loadClass() - ROOT\vendor\composer\ClassLoader.php, line 301
spl_autoload_call - [internal], line ??
class_exists - [internal], line ??
Cake\Core\App::_classExistsInBase() - CORE\src\Core\App.php, line 152
Cake\Core\App::className() - CORE\src\Core\App.php, line 64
Cake\Http\ControllerFactory::create() - CORE\src\Http\ControllerFactory.php, line 70
Cake\Http\ActionDispatcher::dispatch() - CORE\src\Http\ActionDispatcher.php, line 96
Cake\Http\BaseApplication::__invoke() - CORE\src\Http\BaseApplication.php, line 82
Cake\Http\Runner::__invoke() - CORE\src\Http\Runner.php, line 65
Cake\Routing\Middleware\RoutingMiddleware::__invoke() - CORE\src\Routing\Middleware\RoutingMiddleware.php, line 52
Cake\Http\Runner::__invoke() - CORE\src\Http\Runner.php, line 65
Cake\Routing\Middleware\AssetMiddleware::__invoke() - CORE\src\Routing\Middleware\AssetMiddleware.php, line 88
Cake\Http\Runner::__invoke() - CORE\src\Http\Runner.php, line 65
Cake\Error\Middleware\ErrorHandlerMiddleware::__invoke() - CORE\src\Error\Middleware\ErrorHandlerMiddleware.php, line 51
Cake\Http\Runner::__invoke() - CORE\src\Http\Runner.php, line 65
Cake\Http\Runner::run() - CORE\src\Http\Runner.php, line 51
Cake\Http\Server::run() - CORE\src\Http\Server.php, line 82
[main] - ROOT\webroot\index.php, line 37



2016-08-24 14:37:37 Notice: Strict (2048): Declaration of App\Controller\UsersController::beforeFilter() should be compatible with Cake\Controller\Controller::beforeFilter(Cake\Event\Event $event) in [C:\xampp\htdocs\koosenclub\src\Controller\UsersController.php, line 12]
Request URL: /koosenclub/users/login
Trace:
Cake\Error\BaseErrorHandler::handleError() - CORE\src\Error\BaseErrorHandler.php, line 146
include - APP/Controller\UsersController.php, line 12
Composer\Autoload\includeFile - ROOT\vendor\composer\ClassLoader.php, line 412
Composer\Autoload\ClassLoader::loadClass() - ROOT\vendor\composer\ClassLoader.php, line 301
spl_autoload_call - [internal], line ??
class_exists - [internal], line ??
Cake\Core\App::_classExistsInBase() - CORE\src\Core\App.php, line 152
Cake\Core\App::className() - CORE\src\Core\App.php, line 64
Cake\Http\ControllerFactory::create() - CORE\src\Http\ControllerFactory.php, line 70
Cake\Http\ActionDispatcher::dispatch() - CORE\src\Http\ActionDispatcher.php, line 96
Cake\Http\BaseApplication::__invoke() - CORE\src\Http\BaseApplication.php, line 82
Cake\Http\Runner::__invoke() - CORE\src\Http\Runner.php, line 65
Cake\Routing\Middleware\RoutingMiddleware::__invoke() - CORE\src\Routing\Middleware\RoutingMiddleware.php, line 52
Cake\Http\Runner::__invoke() - CORE\src\Http\Runner.php, line 65
Cake\Routing\Middleware\AssetMiddleware::__invoke() - CORE\src\Routing\Middleware\AssetMiddleware.php, line 88
Cake\Http\Runner::__invoke() - CORE\src\Http\Runner.php, line 65
Cake\Error\Middleware\ErrorHandlerMiddleware::__invoke() - CORE\src\Error\Middleware\ErrorHandlerMiddleware.php, line 51
Cake\Http\Runner::__invoke() - CORE\src\Http\Runner.php, line 65
Cake\Http\Runner::run() - CORE\src\Http\Runner.php, line 51
Cake\Http\Server::run() - CORE\src\Http\Server.php, line 82
[main] - ROOT\webroot\index.php, line 37



